Using pre-set license
Built from '2020.3/staging' branch; Version is '2020.3.8f1 (507919d4fff5) revision 5273881'; Using compiler version '192528614'; Build Type 'Release'
OS: 'Windows 10 Pro; OS build 19042.985; Version 2009; 64bit' Language: 'tr' Physical Memory: 6082 MB
BatchMode: 1, IsHumanControllingUs: 0, StartBugReporterOnCrash: 0, Is64bit: 1, IsPro: 0

 COMMAND LINE ARGUMENTS:
C:\Program Files\Unity\Hub\Editor\2020.3.8f1\Editor\Unity.exe
-adb2
-batchMode
-noUpm
-name
AssetImportWorker0
-projectPath
C:/Users/Berk Demir/Desktop/Game-/NewGameWithUnity
-logFile
Logs/AssetImportWorker0.log
-srvPort
46820
Successfully changed project path to: C:/Users/Berk Demir/Desktop/Game-/NewGameWithUnity
C:/Users/Berk Demir/Desktop/Game-/NewGameWithUnity
Using Asset Import Pipeline V2.
Refreshing native plugins compatible for Editor in 73.58 ms, found 1 plugins.
Preloading 0 native plugins for Editor in 0.00 ms.
Initialize engine version: 2020.3.8f1 (507919d4fff5)
[Subsystems] Discovering subsystems at path C:/Program Files/Unity/Hub/Editor/2020.3.8f1/Editor/Data/Resources/UnitySubsystems
[Subsystems] Discovering subsystems at path C:/Users/Berk Demir/Desktop/Game-/NewGameWithUnity/Assets
GfxDevice: creating device client; threaded=0
Direct3D:
    Version:  Direct3D 11.0 [level 11.1]
    Renderer: NVIDIA GeForce GTX 1050 Ti (ID=0x1c8c)
    Vendor:   
    VRAM:     4021 MB
    Driver:   27.21.14.6192
Initialize mono
Mono path[0] = 'C:/Program Files/Unity/Hub/Editor/2020.3.8f1/Editor/Data/Managed'
Mono path[1] = 'C:/Program Files/Unity/Hub/Editor/2020.3.8f1/Editor/Data/MonoBleedingEdge/lib/mono/unityjit'
Mono config path = 'C:/Program Files/Unity/Hub/Editor/2020.3.8f1/Editor/Data/MonoBleedingEdge/etc'
Using monoOptions --debugger-agent=transport=dt_socket,embedding=1,server=y,suspend=n,address=127.0.0.1:56684
Begin MonoManager ReloadAssembly
Registering precompiled unity dll's ...
Register platform support module: C:/Program Files/Unity/Hub/Editor/2020.3.8f1/Editor/Data/PlaybackEngines/WebGLSupport/UnityEditor.WebGL.Extensions.dll
Register platform support module: C:/Program Files/Unity/Hub/Editor/2020.3.8f1/Editor/Data/PlaybackEngines/WindowsStandaloneSupport/UnityEditor.WindowsStandalone.Extensions.dll
Registered in 0.003294 seconds.
Native extension for WindowsStandalone target not found
Native extension for WebGL target not found
Refreshing native plugins compatible for Editor in 58.36 ms, found 1 plugins.
Preloading 0 native plugins for Editor in 0.00 ms.
Mono: successfully reloaded assembly
- Completed reload, in  2.763 seconds
Platform modules already initialized, skipping
Registering precompiled user dll's ...
Registered in 0.001521 seconds.
Begin MonoManager ReloadAssembly
Native extension for WindowsStandalone target not found
Native extension for WebGL target not found
Refreshing native plugins compatible for Editor in 57.03 ms, found 1 plugins.
Preloading 0 native plugins for Editor in 0.00 ms.
Mono: successfully reloaded assembly
- Completed reload, in  1.473 seconds
Platform modules already initialized, skipping
========================================================================
Worker process is ready to serve import requests
Launched and connected shader compiler UnityShaderCompiler.exe after 0.07 seconds
Refreshing native plugins compatible for Editor in 0.51 ms, found 1 plugins.
Preloading 0 native plugins for Editor in 0.00 ms.
Unloading 1831 Unused Serialized files (Serialized files now loaded: 0)
System memory in use before: 85.4 MB.
System memory in use after: 85.4 MB.

Unloading 19 unused Assets to reduce memory usage. Loaded Objects now: 2279.
Total: 2.631500 ms (FindLiveObjects: 0.239400 ms CreateObjectMapping: 0.054800 ms MarkObjects: 2.248100 ms  DeleteObjects: 0.087400 ms)

========================================================================
Received Import Request.
  path: Assets/GUI/gamedev 1.png
  artifactKey: Guid(90f4e047f8f7e924796b17bee25fbb5c) Importer(815301076,1909f56bfc062723c751e8b465ee728b)
Start importing Assets/GUI/gamedev 1.png using Guid(90f4e047f8f7e924796b17bee25fbb5c) Importer(815301076,1909f56bfc062723c751e8b465ee728b)  -> (artifact id: '12751b7cc334b73d906c7637b8d13013') in 0.170806 seconds
  Import took 0.176005 seconds .

========================================================================
Received Prepare
Registering precompiled user dll's ...
Registered in 0.002218 seconds.
Begin MonoManager ReloadAssembly
Native extension for WindowsStandalone target not found
Native extension for WebGL target not found
Refreshing native plugins compatible for Editor in 0.47 ms, found 1 plugins.
Preloading 0 native plugins for Editor in 0.00 ms.
Mono: successfully reloaded assembly
- Completed reload, in  1.667 seconds
Platform modules already initialized, skipping
Refreshing native plugins compatible for Editor in 0.71 ms, found 1 plugins.
Preloading 0 native plugins for Editor in 0.00 ms.
Unloading 1821 Unused Serialized files (Serialized files now loaded: 0)
System memory in use before: 87.9 MB.
System memory in use after: 88.0 MB.

Unloading 7 unused Assets to reduce memory usage. Loaded Objects now: 2289.
Total: 3.424700 ms (FindLiveObjects: 0.244000 ms CreateObjectMapping: 0.057400 ms MarkObjects: 3.088700 ms  DeleteObjects: 0.032800 ms)

========================================================================
Received Import Request.
  Time since last request: 2304.878650 seconds.
  path: Assets/GUI/background.anim
  artifactKey: Guid(598b10d866d2e5d438ab80b15bb495aa) Importer(815301076,1909f56bfc062723c751e8b465ee728b)
Start importing Assets/GUI/background.anim using Guid(598b10d866d2e5d438ab80b15bb495aa) Importer(815301076,1909f56bfc062723c751e8b465ee728b)  -> (artifact id: '98be38bfdbb075ea2aa9fecdac238c58') in 1.034431 seconds
  Import took 1.506155 seconds .

========================================================================
Received Prepare
Registering precompiled user dll's ...
Registered in 0.001600 seconds.
Begin MonoManager ReloadAssembly
Native extension for WindowsStandalone target not found
Native extension for WebGL target not found
Refreshing native plugins compatible for Editor in 0.55 ms, found 1 plugins.
Preloading 0 native plugins for Editor in 0.00 ms.
Mono: successfully reloaded assembly
- Completed reload, in  2.013 seconds
Platform modules already initialized, skipping
Refreshing native plugins compatible for Editor in 1.06 ms, found 1 plugins.
Preloading 0 native plugins for Editor in 0.00 ms.
Unloading 1821 Unused Serialized files (Serialized files now loaded: 0)
System memory in use before: 87.9 MB.
System memory in use after: 88.1 MB.

Unloading 7 unused Assets to reduce memory usage. Loaded Objects now: 2293.
Total: 4.730600 ms (FindLiveObjects: 0.468100 ms CreateObjectMapping: 0.116600 ms MarkObjects: 4.107500 ms  DeleteObjects: 0.035800 ms)

========================================================================
Received Import Request.
  Time since last request: 28.565237 seconds.
  path: Assets/GUI/bg1 1.controller
  artifactKey: Guid(c2807d4efb59f68448100c8552a8adc3) Importer(815301076,1909f56bfc062723c751e8b465ee728b)
Start importing Assets/GUI/bg1 1.controller using Guid(c2807d4efb59f68448100c8552a8adc3) Importer(815301076,1909f56bfc062723c751e8b465ee728b)  -> (artifact id: 'c17f1910f33e60f32fb67408531c423f') in 0.048346 seconds
  Import took 0.056821 seconds .

========================================================================
Received Prepare
Registering precompiled user dll's ...
Registered in 0.061673 seconds.
Begin MonoManager ReloadAssembly
Native extension for WindowsStandalone target not found
Native extension for WebGL target not found
Refreshing native plugins compatible for Editor in 3.83 ms, found 1 plugins.
Preloading 0 native plugins for Editor in 0.00 ms.
Mono: successfully reloaded assembly
- Completed reload, in 31.579 seconds
Platform modules already initialized, skipping
Refreshing native plugins compatible for Editor in 45.46 ms, found 1 plugins.
Preloading 0 native plugins for Editor in 0.00 ms.
Unloading 1821 Unused Serialized files (Serialized files now loaded: 0)
System memory in use before: 88.0 MB.
System memory in use after: 88.1 MB.

Unloading 7 unused Assets to reduce memory usage. Loaded Objects now: 2297.
Total: 299.711800 ms (FindLiveObjects: 5.959200 ms CreateObjectMapping: 15.430000 ms MarkObjects: 278.063400 ms  DeleteObjects: 0.244100 ms)

========================================================================
Received Prepare
Registering precompiled user dll's ...
Registered in 0.001853 seconds.
Begin MonoManager ReloadAssembly
Native extension for WindowsStandalone target not found
Native extension for WebGL target not found
Refreshing native plugins compatible for Editor in 0.86 ms, found 1 plugins.
Preloading 0 native plugins for Editor in 0.00 ms.
Mono: successfully reloaded assembly
- Completed reload, in  1.969 seconds
Platform modules already initialized, skipping
Refreshing native plugins compatible for Editor in 0.82 ms, found 1 plugins.
Preloading 0 native plugins for Editor in 0.00 ms.
Unloading 1821 Unused Serialized files (Serialized files now loaded: 0)
System memory in use before: 88.0 MB.
System memory in use after: 88.1 MB.

Unloading 7 unused Assets to reduce memory usage. Loaded Objects now: 2301.
Total: 4.553000 ms (FindLiveObjects: 0.337400 ms CreateObjectMapping: 0.081600 ms MarkObjects: 4.099200 ms  DeleteObjects: 0.032000 ms)

========================================================================
Received Prepare
Registering precompiled user dll's ...
Registered in 0.002177 seconds.
Begin MonoManager ReloadAssembly
Native extension for WindowsStandalone target not found
Native extension for WebGL target not found
Refreshing native plugins compatible for Editor in 0.73 ms, found 1 plugins.
Preloading 0 native plugins for Editor in 0.00 ms.
Mono: successfully reloaded assembly
- Completed reload, in  2.031 seconds
Platform modules already initialized, skipping
Refreshing native plugins compatible for Editor in 0.69 ms, found 1 plugins.
Preloading 0 native plugins for Editor in 0.00 ms.
Unloading 1821 Unused Serialized files (Serialized files now loaded: 0)
System memory in use before: 88.0 MB.
System memory in use after: 88.1 MB.

Unloading 7 unused Assets to reduce memory usage. Loaded Objects now: 2305.
Total: 4.331700 ms (FindLiveObjects: 0.305200 ms CreateObjectMapping: 0.100000 ms MarkObjects: 3.901200 ms  DeleteObjects: 0.023100 ms)

========================================================================
Received Import Request.
  Time since last request: 676.178176 seconds.
  path: Assets/Scenes/Main Menu.unity
  artifactKey: Guid(10964bdf34daec34888d98bbc44b85fc) Importer(815301076,1909f56bfc062723c751e8b465ee728b)
Start importing Assets/Scenes/Main Menu.unity using Guid(10964bdf34daec34888d98bbc44b85fc) Importer(815301076,1909f56bfc062723c751e8b465ee728b)  -> (artifact id: '16fead88bc89ae759ad2cd9bad2124d9') in 0.032127 seconds
  Import took 0.038366 seconds .

========================================================================
Received Import Request.
  Time since last request: 39.861926 seconds.
  path: Assets/Scenes/Main.unity
  artifactKey: Guid(6a680a986f9e4de4ba13513cb1dd4e08) Importer(815301076,1909f56bfc062723c751e8b465ee728b)
Start importing Assets/Scenes/Main.unity using Guid(6a680a986f9e4de4ba13513cb1dd4e08) Importer(815301076,1909f56bfc062723c751e8b465ee728b)  -> (artifact id: 'e39be77c897173093b11b7a86831a594') in 0.199047 seconds
  Import took 0.287624 seconds .

========================================================================
Received Prepare
Registering precompiled user dll's ...
Registered in 0.003015 seconds.
Begin MonoManager ReloadAssembly
Native extension for WindowsStandalone target not found
Native extension for WebGL target not found
Refreshing native plugins compatible for Editor in 0.87 ms, found 1 plugins.
Preloading 0 native plugins for Editor in 0.00 ms.
Mono: successfully reloaded assembly
- Completed reload, in  2.170 seconds
Platform modules already initialized, skipping
Refreshing native plugins compatible for Editor in 0.51 ms, found 1 plugins.
Preloading 0 native plugins for Editor in 0.00 ms.
Unloading 1821 Unused Serialized files (Serialized files now loaded: 0)
System memory in use before: 88.0 MB.
System memory in use after: 88.1 MB.

Unloading 7 unused Assets to reduce memory usage. Loaded Objects now: 2309.
Total: 4.070200 ms (FindLiveObjects: 0.266100 ms CreateObjectMapping: 0.060300 ms MarkObjects: 3.693900 ms  DeleteObjects: 0.047200 ms)

AssetImportWorkerClient::OnTransportError - code=2 error=End of file
